c:\users\kay bastian\source\repos\rtklib\app\rnx2rtkp\msc\debug\vc142.pdb
c:\users\kay bastian\source\repos\rtklib\app\rnx2rtkp\msc\debug\vc142.idb
c:\users\kay bastian\source\repos\rtklib\app\rnx2rtkp\msc\debug\geoid.obj
c:\users\kay bastian\source\repos\rtklib\app\rnx2rtkp\msc\debug\ionex.obj
c:\users\kay bastian\source\repos\rtklib\app\rnx2rtkp\msc\debug\lambda.obj
c:\users\kay bastian\source\repos\rtklib\app\rnx2rtkp\msc\debug\options.obj
c:\users\kay bastian\source\repos\rtklib\app\rnx2rtkp\msc\debug\pntpos.obj
c:\users\kay bastian\source\repos\rtklib\app\rnx2rtkp\msc\debug\postpos.obj
c:\users\kay bastian\source\repos\rtklib\app\rnx2rtkp\msc\debug\ppp.obj
c:\users\kay bastian\source\repos\rtklib\app\rnx2rtkp\msc\debug\ppp_ar.obj
c:\users\kay bastian\source\repos\rtklib\app\rnx2rtkp\msc\debug\preceph.obj
c:\users\kay bastian\source\repos\rtklib\app\rnx2rtkp\msc\debug\qzslex.obj
c:\users\kay bastian\source\repos\rtklib\app\rnx2rtkp\msc\debug\rinex.obj
c:\users\kay bastian\source\repos\rtklib\app\rnx2rtkp\msc\debug\rtcm.obj
c:\users\kay bastian\source\repos\rtklib\app\rnx2rtkp\msc\debug\rtcm2.obj
c:\users\kay bastian\source\repos\rtklib\app\rnx2rtkp\msc\debug\rtcm3.obj
c:\users\kay bastian\source\repos\rtklib\app\rnx2rtkp\msc\debug\rtcm3e.obj
c:\users\kay bastian\source\repos\rtklib\app\rnx2rtkp\msc\debug\rtkcmn.obj
c:\users\kay bastian\source\repos\rtklib\app\rnx2rtkp\msc\debug\rtkpos.obj
c:\users\kay bastian\source\repos\rtklib\app\rnx2rtkp\msc\debug\sbas.obj
c:\users\kay bastian\source\repos\rtklib\app\rnx2rtkp\msc\debug\solution.obj
c:\users\kay bastian\source\repos\rtklib\app\rnx2rtkp\msc\debug\datum.obj
c:\users\kay bastian\source\repos\rtklib\app\rnx2rtkp\msc\debug\ephemeris.obj
c:\users\kay bastian\source\repos\rtklib\app\rnx2rtkp\msc\debug\msc.tlog\cl.command.1.tlog
c:\users\kay bastian\source\repos\rtklib\app\rnx2rtkp\msc\debug\msc.tlog\cl.read.1.tlog
c:\users\kay bastian\source\repos\rtklib\app\rnx2rtkp\msc\debug\msc.tlog\cl.write.1.tlog
